<?xml version="1.0" encoding="UTF-8"?>
<!-- Generated by org.testng.reporters.JUnitXMLReporter -->
<testsuite ignored="2" hostname="DESKTOP-P53AVDF" failures="0" tests="1" name="Default test" time="6.834" errors="0" timestamp="2024-04-25T17:21:02 EDT">
  <testcase classname="MyTests.FirstSeleniumScript" name="aha" time="1.295"/>
  <testcase classname="MyTests.FirstSeleniumScript" name="dataProviderTest" time="0.0">
    <ignored/>
  </testcase> <!-- dataProviderTest -->
  <testcase classname="MyTests.FirstSeleniumScript" name="demo0" time="0.0">
    <ignored/>
  </testcase> <!-- demo0 -->
</testsuite> <!-- Default test -->
