<?xml version="1.0" encoding="UTF-8"?>
<!-- Generated by org.testng.reporters.JUnitXMLReporter -->
<testsuite ignored="2" hostname="DESKTOP-P53AVDF" failures="0" tests="3" name="Default test" time="4.868" errors="0" timestamp="2024-04-24T15:15:27 EDT">
  <testcase classname="MyTests.FirstSeleniumScript" name="dataProviderTest" time="0.017"/>
  <testcase classname="MyTests.FirstSeleniumScript" name="dataProviderTest" time="0.002"/>
  <testcase classname="MyTests.FirstSeleniumScript" name="dataProviderTest" time="0.003"/>
  <testcase classname="MyTests.FirstSeleniumScript" name="aha" time="0.0">
    <ignored/>
  </testcase> <!-- aha -->
  <testcase classname="MyTests.FirstSeleniumScript" name="demo0" time="0.0">
    <ignored/>
  </testcase> <!-- demo0 -->
</testsuite> <!-- Default test -->
