<?xml version="1.0" encoding="UTF-8"?>
<!-- Generated by org.testng.reporters.JUnitXMLReporter -->
<testsuite ignored="1" hostname="DESKTOP-P53AVDF" failures="2" tests="7" name="Parallel Tests edge" time="9.791" errors="0" timestamp="2024-05-28T18:20:54 EDT">
  <testcase classname="MyTests.FirstSeleniumScript" name="dataProviderTest" time="0.001"/>
  <testcase classname="MyTests.FirstSeleniumScript" name="demo0" time="0.928">
    <skipped/>
  </testcase> <!-- demo0 -->
  <testcase classname="MyTests.FirstSeleniumScript" name="dataProviderTest" time="0.002"/>
  <testcase classname="MyTests.FirstSeleniumScript" name="demo1" time="1.71">
    <skipped/>
  </testcase> <!-- demo1 -->
  <testcase classname="MyTests.FirstSeleniumScript" name="dataProviderTest" time="0.003"/>
  <testcase classname="MyTests.FirstSeleniumScript" name="demo0" time="0.178">
    <failure type="java.lang.AssertionError" message="The following asserts failed:
	expected [Selenium] but found [Seleniu]">
      <![CDATA[java.lang.AssertionError: The following asserts failed:
expected [Selenium] but found [Seleniu]
at MyTests.FirstSeleniumScript.demo0(FirstSeleniumScript.java:23)
at java.base/java.util.concurrent.ThreadPoolExecutor.runWorker(ThreadPoolExecutor.java:1136)
at java.base/java.util.concurrent.ThreadPoolExecutor$Worker.run(ThreadPoolExecutor.java:635)
at java.base/java.lang.Thread.run(Thread.java:842)
... Removed 14 stack frames]]>
    </failure>
  </testcase> <!-- demo0 -->
  <testcase classname="MyTests.FirstSeleniumScript" name="demo1" time="0.534">
    <failure type="java.lang.AssertionError" message="expected [8] but found [2]">
      <![CDATA[java.lang.AssertionError: expected [8] but found [2]
at MyTests.FirstSeleniumScript.demo1(FirstSeleniumScript.java:49)
at java.base/java.util.concurrent.ThreadPoolExecutor.runWorker(ThreadPoolExecutor.java:1136)
at java.base/java.util.concurrent.ThreadPoolExecutor$Worker.run(ThreadPoolExecutor.java:635)
at java.base/java.lang.Thread.run(Thread.java:842)
... Removed 18 stack frames]]>
    </failure>
  </testcase> <!-- demo1 -->
  <testcase classname="MyTests.FirstSeleniumScript" name="aha" time="0.0">
    <ignored/>
  </testcase> <!-- aha -->
</testsuite> <!-- Parallel Tests edge -->
