<?xml version="1.0" encoding="UTF-8"?>
<!-- Generated by org.testng.reporters.JUnitXMLReporter -->
<testsuite ignored="0" hostname="DESKTOP-P53AVDF" failures="1" tests="3" name="Parallel Tests" time="1.739" errors="0" timestamp="2024-04-18T21:32:33 EDT">
  <testcase classname="MyTests.FirstSeleniumScript" name="aha" time="0.306"/>
  <testcase classname="MyTests.FirstSeleniumScript" name="demo0" time="0.02">
    <failure type="java.lang.AssertionError" message="expected [Selenium] but found [Seleniu]">
      <![CDATA[java.lang.AssertionError: expected [Selenium] but found [Seleniu]
at MyTests.FirstSeleniumScript.demo0(FirstSeleniumScript.java:19)
at java.base/java.util.ArrayList.forEach(ArrayList.java:1511)
... Removed 33 stack frames]]>
    </failure>
  </testcase> <!-- demo0 -->
  <testcase classname="MyTests.FirstSeleniumScript" name="demo1" time="0.273"/>
</testsuite> <!-- Parallel Tests -->
